mode: atomic
sql-playground/service/example_service.go:15.72,17.2 1 2
sql-playground/service/example_service.go:33.36,34.74 1 2
sql-playground/service/example_service.go:37.2,37.16 1 2
sql-playground/service/example_service.go:41.2,41.12 1 1
sql-playground/service/example_service.go:34.74,36.3 1 2
sql-playground/service/example_service.go:37.16,39.3 1 1
sql-playground/repository/example_repository.go:15.43,17.2 1 14
sql-playground/repository/example_repository.go:30.33,32.64 2 2
sql-playground/repository/example_repository.go:36.2,38.12 2 1
sql-playground/repository/example_repository.go:32.64,34.3 1 1
sql-playground/repository/repository_manager.go:20.51,25.2 1 12
sql-playground/repository/repository_manager.go:41.57,47.2 1 7
sql-playground/repository/repository_manager.go:49.103,50.18 1 7
sql-playground/repository/repository_manager.go:54.2,55.16 2 6
sql-playground/repository/repository_manager.go:59.2,64.56 2 5
sql-playground/repository/repository_manager.go:72.2,72.20 1 3
sql-playground/repository/repository_manager.go:50.18,52.3 1 1
sql-playground/repository/repository_manager.go:55.16,57.3 1 1
sql-playground/repository/repository_manager.go:64.56,65.43 1 2
sql-playground/repository/repository_manager.go:69.3,69.15 1 1
sql-playground/repository/repository_manager.go:65.43,67.4 1 1
sql-playground/repository/repository_manager.go:75.55,77.2 1 1
