mode: atomic
sql-playground/repository/example_repository.go:15.45,17.2 1 12
sql-playground/repository/example_repository.go:30.33,32.66 2 2
sql-playground/repository/example_repository.go:36.2,38.12 2 1
sql-playground/repository/example_repository.go:32.66,34.3 1 1
sql-playground/repository/repository_manager.go:19.53,24.2 1 10
sql-playground/repository/repository_manager.go:39.57,44.2 1 6
sql-playground/repository/repository_manager.go:46.103,47.18 1 6
sql-playground/repository/repository_manager.go:51.2,52.16 2 5
sql-playground/repository/repository_manager.go:56.2,58.51 2 4
sql-playground/repository/repository_manager.go:63.2,63.35 1 3
sql-playground/repository/repository_manager.go:68.2,68.12 1 2
sql-playground/repository/repository_manager.go:47.18,49.3 1 1
sql-playground/repository/repository_manager.go:52.16,54.3 1 1
sql-playground/repository/repository_manager.go:58.51,61.3 2 1
sql-playground/repository/repository_manager.go:63.35,66.3 2 1
sql-playground/repository/repository_manager.go:71.55,73.2 1 1
sql-playground/service/example_service.go:15.72,17.2 1 2
sql-playground/service/example_service.go:33.36,34.74 1 2
sql-playground/service/example_service.go:37.2,37.16 1 2
sql-playground/service/example_service.go:41.2,41.12 1 1
sql-playground/service/example_service.go:34.74,36.3 1 2
sql-playground/service/example_service.go:37.16,39.3 1 1
