mode: atomic
sql-playground/service/example_service.go:15.72,17.2 1 2
sql-playground/service/example_service.go:33.36,34.74 1 2
sql-playground/service/example_service.go:37.2,37.16 1 2
sql-playground/service/example_service.go:41.2,41.12 1 1
sql-playground/service/example_service.go:34.74,36.3 1 2
sql-playground/service/example_service.go:37.16,39.3 1 1
sql-playground/repository/example_repository.go:15.45,17.2 1 14
sql-playground/repository/example_repository.go:30.33,32.66 2 2
sql-playground/repository/example_repository.go:36.2,38.12 2 1
sql-playground/repository/example_repository.go:32.66,34.3 1 1
sql-playground/repository/repository_manager.go:20.53,25.2 1 12
sql-playground/repository/repository_manager.go:40.57,45.2 1 7
sql-playground/repository/repository_manager.go:47.103,48.18 1 7
sql-playground/repository/repository_manager.go:52.2,53.16 2 6
sql-playground/repository/repository_manager.go:57.2,59.56 2 5
sql-playground/repository/repository_manager.go:67.2,67.20 1 3
sql-playground/repository/repository_manager.go:48.18,50.3 1 1
sql-playground/repository/repository_manager.go:53.16,55.3 1 1
sql-playground/repository/repository_manager.go:59.56,60.43 1 2
sql-playground/repository/repository_manager.go:64.3,64.15 1 1
sql-playground/repository/repository_manager.go:60.43,62.4 1 1
sql-playground/repository/repository_manager.go:70.55,72.2 1 1
